Unhandled exception. System.InvalidOperationException: The following errors occurred with attribute routing information:

Error 1:
For action: 'Kiyaslasana.PL.Controllers.KarsilastirController.CompareTwo (Kiyaslasana.PL)'
Error: While processing template 'karsilastir/{slug1:regex(^(?!.*-vs-)[A-Za-z0-9-]+$)}-vs-{slug2:regex(^(?!.*-vs-)[A-Za-z0-9-]+$)}', a replacement value for the token 'A-Za-z0-9-' could not be found. Available tokens: 'action, controller'. To use a '[' or ']' as a literal string in a route or within a constraint, use '[[' or ']]' instead.

Error 2:
For action: 'Kiyaslasana.PL.Controllers.KarsilastirController.CompareThree (Kiyaslasana.PL)'
Error: While processing template 'karsilastir/{slug1:regex(^(?!.*-vs-)[A-Za-z0-9-]+$)}-vs-{slug2:regex(^(?!.*-vs-)[A-Za-z0-9-]+$)}-vs-{slug3:regex(^(?!.*-vs-)[A-Za-z0-9-]+$)}', a replacement value for the token 'A-Za-z0-9-' could not be found. Available tokens: 'action, controller'. To use a '[' or ']' as a literal string in a route or within a constraint, use '[[' or ']]' instead.

Error 3:
For action: 'Kiyaslasana.PL.Controllers.KarsilastirController.CompareFour (Kiyaslasana.PL)'
Error: While processing template 'karsilastir/{slug1:regex(^(?!.*-vs-)[A-Za-z0-9-]+$)}-vs-{slug2:regex(^(?!.*-vs-)[A-Za-z0-9-]+$)}-vs-{slug3:regex(^(?!.*-vs-)[A-Za-z0-9-]+$)}-vs-{slug4:regex(^(?!.*-vs-)[A-Za-z0-9-]+$)}', a replacement value for the token 'A-Za-z0-9-' could not be found. Available tokens: 'action, controller'. To use a '[' or ']' as a literal string in a route or within a constraint, use '[[' or ']]' instead.
   at Microsoft.AspNetCore.Mvc.ApplicationModels.ApplicationModelFactory.Flatten[TResult](ApplicationModel application, Func`5 flattener)
   at Microsoft.AspNetCore.Mvc.ApplicationModels.ControllerActionDescriptorProvider.OnProvidersExecuting(ActionDescriptorProviderContext context)
   at Microsoft.AspNetCore.Mvc.Infrastructure.DefaultActionDescriptorCollectionProvider.UpdateCollection()
   at Microsoft.AspNetCore.Mvc.Infrastructure.DefaultActionDescriptorCollectionProvider.Initialize()
   at Microsoft.AspNetCore.Mvc.Infrastructure.DefaultActionDescriptorCollectionProvider.GetChangeToken()
   at Microsoft.Extensions.Primitives.ChangeToken.ChangeTokenRegistration`1..ctor(Func`1 changeTokenProducer, Action`1 changeTokenConsumer, TState state)
   at Microsoft.Extensions.Primitives.ChangeToken.OnChange(Func`1 changeTokenProducer, Action changeTokenConsumer)
   at Microsoft.AspNetCore.Mvc.Routing.ActionEndpointDataSourceBase.Subscribe()
   at Microsoft.AspNetCore.Builder.RazorPagesEndpointRouteBuilderExtensions.GetOrCreateDataSource(IEndpointRouteBuilder endpoints)
   at Microsoft.AspNetCore.Builder.RazorPagesEndpointRouteBuilderExtensions.MapRazorPages(IEndpointRouteBuilder endpoints)
   at Program.<Main>$(String[] args) in C:\Users\Egenu\source\repos\Versus\src\Kiyaslasana.PL\Program.cs:line 210
   at Program.<Main>(String[] args)
